<?xml version="1.0" encoding="UTF-8"?>
<!-- Generated by org.testng.reporters.JUnitReportReporter -->
<testsuite hostname="DESKTOP-LPNQE8U" failures="0" tests="1" name="com.repostapp.abastecimiento.TestNG.SolicitarCambioLote" time="21.826" errors="0" timestamp="2022-11-02T11:49:14 BOT" skipped="0">
  <testcase classname="com.repostapp.abastecimiento.TestNG.SolicitarCambioLote" name="test2" time="21.826"/>
  <system-out/>
</testsuite> <!-- com.repostapp.abastecimiento.TestNG.SolicitarCambioLote -->
