<?xml version="1.0" encoding="UTF-8"?>
<!-- Generated by org.testng.reporters.JUnitReportReporter -->
<testsuite hostname="SF-D-TEC20" failures="0" tests="1" name="com.repostapp.abastecimiento.TestNG.TrabajarSolicitudSacador" time="21.505" errors="0" timestamp="2022-12-07T09:29:11 AMT" skipped="0">
  <testcase classname="com.repostapp.abastecimiento.TestNG.TrabajarSolicitudSacador" name="test3" time="21.505"/>
  <system-out/>
</testsuite> <!-- com.repostapp.abastecimiento.TestNG.TrabajarSolicitudSacador -->
