<?xml version="1.0" encoding="UTF-8"?>
<!-- Generated by org.testng.reporters.JUnitReportReporter -->
<testsuite hostname="SF-D-TEC20" failures="0" tests="1" name="com.repostapp.abastecimiento.TestNG.SolicitarCambioLote" time="38.777" errors="0" timestamp="2022-12-07T09:29:11 AMT" skipped="0">
  <testcase classname="com.repostapp.abastecimiento.TestNG.SolicitarCambioLote" name="test2" time="38.777"/>
  <system-out/>
</testsuite> <!-- com.repostapp.abastecimiento.TestNG.SolicitarCambioLote -->
