<?xml version="1.0" encoding="UTF-8"?>
<!-- Generated by org.testng.reporters.JUnitReportReporter -->
<testsuite hostname="SF-D-TEC20" failures="0" tests="1" name="com.repostapp.abastecimiento.TestNG.SolicitarCambioLote" time="21.557" errors="0" timestamp="2022-11-05T11:36:18 AMT" skipped="0">
  <testcase classname="com.repostapp.abastecimiento.TestNG.SolicitarCambioLote" name="test2" time="21.557"/>
  <system-out/>
</testsuite> <!-- com.repostapp.abastecimiento.TestNG.SolicitarCambioLote -->
