<?xml version="1.0" encoding="UTF-8"?>
<!-- Generated by org.testng.reporters.JUnitReportReporter -->
<testsuite hostname="SF-D-TEC20" failures="0" tests="1" name="com.repostapp.abastecimiento.TestNG.RealizarSolicitud" time="21.286" errors="0" timestamp="2022-12-07T09:32:30 AMT" skipped="0">
  <testcase classname="com.repostapp.abastecimiento.TestNG.RealizarSolicitud" name="test1" time="21.286"/>
  <system-out/>
</testsuite> <!-- com.repostapp.abastecimiento.TestNG.RealizarSolicitud -->
