<?xml version="1.0" encoding="UTF-8"?>
<!-- Generated by org.testng.reporters.JUnitReportReporter -->
<testsuite hostname="DESKTOP-LPNQE8U" failures="0" tests="1" name="com.repostapp.abastecimiento.TestNG.AprobarCambioLote" time="20.299" errors="0" timestamp="2022-11-02T12:01:08 BOT" skipped="0">
  <testcase classname="com.repostapp.abastecimiento.TestNG.AprobarCambioLote" name="test4" time="20.299"/>
  <system-out/>
</testsuite> <!-- com.repostapp.abastecimiento.TestNG.AprobarCambioLote -->
