<?xml version="1.0" encoding="UTF-8"?>
<!-- Generated by org.testng.reporters.JUnitReportReporter -->
<testsuite hostname="SF-D-TEC20" failures="0" tests="1" name="com.repostapp.abastecimiento.TestNG.RealizarSolicitud" time="20.301" errors="0" timestamp="2022-11-02T14:05:47 AMT" skipped="0">
  <testcase classname="com.repostapp.abastecimiento.TestNG.RealizarSolicitud" name="test1" time="20.301"/>
  <system-out/>
</testsuite> <!-- com.repostapp.abastecimiento.TestNG.RealizarSolicitud -->
