<?xml version="1.0" encoding="UTF-8"?>
<!-- Generated by org.testng.reporters.JUnitReportReporter -->
<testsuite hostname="SF-D-TEC20" failures="0" tests="1" name="com.repostapp.abastecimiento.TestNG.AprobarCambioLote" time="21.934" errors="0" timestamp="2022-11-08T10:31:36 AMT" skipped="0">
  <testcase classname="com.repostapp.abastecimiento.TestNG.AprobarCambioLote" name="test4" time="21.934"/>
  <system-out/>
</testsuite> <!-- com.repostapp.abastecimiento.TestNG.AprobarCambioLote -->
