<?xml version="1.0" encoding="UTF-8"?>
<!-- Generated by org.testng.reporters.JUnitReportReporter -->
<testsuite hostname="DESKTOP-LPNQE8U" failures="0" tests="1" name="com.repostapp.abastecimiento.TestNG.Abastecimiento" time="0.008" errors="0" timestamp="2022-11-01T14:08:39 BOT" skipped="0">
  <testcase classname="com.repostapp.abastecimiento.TestNG.Abastecimiento" name="f" time="0.008"/>
  <system-out/>
</testsuite> <!-- com.repostapp.abastecimiento.TestNG.Abastecimiento -->
